<?xml version="1.0" encoding="UTF-8"?>
<testng-results skipped="0" failed="0" ignored="0" total="1" passed="1">
  <reporter-output>
  </reporter-output>
  <suite name="Surefire suite" duration-ms="32594" started-at="2022-01-20T13:29:51Z" finished-at="2022-01-20T13:30:24Z">
    <groups>
    </groups>
    <test name="Surefire test" duration-ms="32594" started-at="2022-01-20T13:29:51Z" finished-at="2022-01-20T13:30:24Z">
      <class name="com.heartbingo.AppTest">
        <test-method status="PASS" signature="shouldAnswerWithTrue()" name="shouldAnswerWithTrue" duration-ms="5" started-at="2022-01-20T13:29:51Z" finished-at="2022-01-20T13:29:51Z">
          <reporter-output>
          </reporter-output>
        </test-method> <!-- shouldAnswerWithTrue -->
      </class> <!-- com.heartbingo.AppTest -->
    </test> <!-- Surefire test -->
  </suite> <!-- Surefire suite -->
</testng-results>
